------------------------------------------------------------------------------------------------------------------------

[2025-11-16 17:44:03 #1 store] 
Database 'C:\Users\berci\git\Rides24\src\main\resources\rides.temp' is opened by 5760@Asus_Zenbook

[2025-11-16 17:44:03 #2 type.registry] 
New type domain.Driver

[2025-11-16 17:44:03 #3 type] 
Type domain.Driver is not enhanced.

[2025-11-16 17:44:03 #4 type.registry] 
New type domain.Ride

[2025-11-16 17:44:03 #5 type] 
Type domain.Ride is not enhanced.

[2025-11-16 17:44:03 #6 type.registry] 
New type java.util.Vector<java.lang.Object>

[2025-11-16 17:44:03 #7 type.registry] 
New type java.util.Vector<domain.Ride>

------------------------------------------------------------------------------------------------------------------------

[2025-11-16 17:45:00 #1 store] 
Database 'C:\Users\berci\git\Rides24\src\main\resources\rides.temp' is opened by 10028@Asus_Zenbook

[2025-11-16 17:45:00 #2 type.registry] 
New type domain.Driver

[2025-11-16 17:45:00 #3 type] 
Type domain.Driver is not enhanced.

[2025-11-16 17:45:00 #4 type.registry] 
New type domain.Ride

[2025-11-16 17:45:00 #5 type] 
Type domain.Ride is not enhanced.

[2025-11-16 17:45:00 #6 type.registry] 
New type java.util.Vector<java.lang.Object>

[2025-11-16 17:45:00 #7 type.registry] 
New type java.util.Vector<domain.Ride>

------------------------------------------------------------------------------------------------------------------------

[2025-11-16 17:45:42 #1 store] 
Database 'C:\Users\berci\git\Rides24\src\main\resources\rides.temp' is opened by 14368@Asus_Zenbook

[2025-11-16 17:45:43 #2 type.registry] 
New type domain.Driver

[2025-11-16 17:45:43 #3 type] 
Type domain.Driver is not enhanced.

[2025-11-16 17:45:43 #4 type.registry] 
New type domain.Ride

[2025-11-16 17:45:43 #5 type] 
Type domain.Ride is not enhanced.

[2025-11-16 17:45:43 #6 type.registry] 
New type java.util.Vector<java.lang.Object>

[2025-11-16 17:45:43 #7 type.registry] 
New type java.util.Vector<domain.Ride>

------------------------------------------------------------------------------------------------------------------------

[2025-11-16 19:50:30 #1 store] 
Database 'C:\Users\berci\git\Rides24\src\main\resources\rides.temp' is opened by 2852@Asus_Zenbook

[2025-11-16 19:50:30 #2 type.registry] 
New type domain.Driver

[2025-11-16 19:50:30 #3 type] 
Type domain.Driver is not enhanced.

[2025-11-16 19:50:30 #4 type.registry] 
New type domain.Ride

[2025-11-16 19:50:30 #5 type] 
Type domain.Ride is not enhanced.

[2025-11-16 19:50:30 #6 type.registry] 
New type java.util.Vector<java.lang.Object>

[2025-11-16 19:50:30 #7 type.registry] 
New type java.util.Vector<domain.Ride>

------------------------------------------------------------------------------------------------------------------------

[2025-11-16 19:51:58 #1 store] 
Database 'C:\Users\berci\git\Rides24\src\main\resources\rides.temp' is opened by 16944@Asus_Zenbook

[2025-11-16 19:51:58 #2 type.registry] 
New type domain.Driver

[2025-11-16 19:51:58 #3 type] 
Type domain.Driver is not enhanced.

[2025-11-16 19:51:58 #4 type.registry] 
New type domain.Ride

[2025-11-16 19:51:58 #5 type] 
Type domain.Ride is not enhanced.

[2025-11-16 19:51:58 #6 type.registry] 
New type java.util.Vector<java.lang.Object>

[2025-11-16 19:51:58 #7 type.registry] 
New type java.util.Vector<domain.Ride>

